<?xml version="1.0" ?>
<!DOCTYPE coverage
  SYSTEM 'http://cobertura.sourceforge.net/xml/coverage-03.dtd'>
<coverage branch-rate="0" line-rate="0.4935" timestamp="1426633452937" version="3.7.1">
	<!-- Generated by coverage.py: http://nedbatchelder.com/code/coverage -->
	<packages>
		<package branch-rate="0" complexity="0" line-rate="0.4935" name="">
			<classes>
				<class branch-rate="0" complexity="0" filename="cloudelementssdk/__init__.py" line-rate="0.3814" name="cloudelementssdk/__init__">
					<methods/>
					<lines>
						<line hits="1" number="1"/>
						<line hits="1" number="2"/>
						<line hits="1" number="3"/>
						<line hits="1" number="4"/>
						<line hits="1" number="5"/>
						<line hits="1" number="7"/>
						<line hits="1" number="9"/>
						<line hits="1" number="10"/>
						<line hits="1" number="12"/>
						<line hits="1" number="15"/>
						<line hits="0" number="16"/>
						<line hits="0" number="17"/>
						<line hits="0" number="35"/>
						<line hits="1" number="51"/>
						<line hits="1" number="54"/>
						<line hits="1" number="55"/>
						<line hits="1" number="61"/>
						<line hits="0" number="63"/>
						<line hits="1" number="65"/>
						<line hits="0" number="67"/>
						<line hits="0" number="68"/>
						<line hits="0" number="69"/>
						<line hits="0" number="70"/>
						<line hits="0" number="71"/>
						<line hits="0" number="73"/>
						<line hits="0" number="74"/>
						<line hits="0" number="76"/>
						<line hits="0" number="77"/>
						<line hits="0" number="78"/>
						<line hits="0" number="79"/>
						<line hits="0" number="81"/>
						<line hits="0" number="82"/>
						<line hits="0" number="83"/>
						<line hits="0" number="84"/>
						<line hits="0" number="85"/>
						<line hits="0" number="86"/>
						<line hits="0" number="91"/>
						<line hits="0" number="92"/>
						<line hits="0" number="97"/>
						<line hits="0" number="98"/>
						<line hits="0" number="104"/>
						<line hits="0" number="105"/>
						<line hits="0" number="112"/>
						<line hits="0" number="114"/>
						<line hits="0" number="116"/>
						<line hits="0" number="117"/>
						<line hits="0" number="119"/>
						<line hits="0" number="120"/>
						<line hits="0" number="122"/>
						<line hits="0" number="123"/>
						<line hits="0" number="133"/>
						<line hits="1" number="135"/>
						<line hits="0" number="136"/>
						<line hits="0" number="137"/>
						<line hits="0" number="139"/>
						<line hits="1" number="148"/>
						<line hits="0" number="149"/>
						<line hits="0" number="151"/>
						<line hits="1" number="159"/>
						<line hits="0" number="160"/>
						<line hits="0" number="161"/>
						<line hits="0" number="163"/>
						<line hits="1" number="172"/>
						<line hits="0" number="173"/>
						<line hits="0" number="174"/>
						<line hits="0" number="176"/>
						<line hits="1" number="185"/>
						<line hits="0" number="186"/>
						<line hits="0" number="187"/>
						<line hits="0" number="189"/>
						<line hits="1" number="198"/>
						<line hits="1" number="199"/>
						<line hits="1" number="200"/>
						<line hits="1" number="202"/>
						<line hits="0" number="203"/>
						<line hits="0" number="204"/>
						<line hits="0" number="205"/>
						<line hits="1" number="207"/>
						<line hits="0" number="209"/>
						<line hits="1" number="211"/>
						<line hits="0" number="213"/>
						<line hits="1" number="215"/>
						<line hits="0" number="217"/>
						<line hits="1" number="219"/>
						<line hits="0" number="221"/>
						<line hits="1" number="223"/>
						<line hits="0" number="225"/>
						<line hits="1" number="227"/>
						<line hits="0" number="229"/>
						<line hits="1" number="231"/>
						<line hits="0" number="233"/>
						<line hits="1" number="235"/>
						<line hits="0" number="237"/>
						<line hits="1" number="239"/>
						<line hits="0" number="241"/>
						<line hits="1" number="243"/>
						<line hits="0" number="248"/>
						<line hits="1" number="250"/>
						<line hits="0" number="252"/>
						<line hits="1" number="254"/>
						<line hits="0" number="256"/>
						<line hits="1" number="258"/>
						<line hits="0" number="260"/>
						<line hits="1" number="262"/>
						<line hits="0" number="264"/>
						<line hits="1" number="266"/>
						<line hits="0" number="268"/>
						<line hits="1" number="270"/>
						<line hits="0" number="272"/>
						<line hits="1" number="274"/>
						<line hits="0" number="277"/>
						<line hits="1" number="279"/>
						<line hits="0" number="281"/>
						<line hits="1" number="283"/>
						<line hits="0" number="285"/>
						<line hits="1" number="287"/>
						<line hits="0" number="289"/>
						<line hits="1" number="293"/>
					</lines>
				</class>
				<class branch-rate="0" complexity="0" filename="cloudelementssdk/schemas/__init__.py" line-rate="0" name="cloudelementssdk/schemas/__init__">
					<methods/>
					<lines/>
				</class>
				<class branch-rate="0" complexity="0" filename="cloudelementssdk/schemas/jsonschemas.py" line-rate="1" name="cloudelementssdk/schemas/jsonschemas">
					<methods/>
					<lines>
						<line hits="1" number="1"/>
						<line hits="1" number="9"/>
						<line hits="1" number="17"/>
						<line hits="1" number="22"/>
						<line hits="1" number="27"/>
						<line hits="1" number="54"/>
						<line hits="1" number="87"/>
					</lines>
				</class>
				<class branch-rate="0" complexity="0" filename="cloudelementssdk/validation.py" line-rate="0.8276" name="cloudelementssdk/validation">
					<methods/>
					<lines>
						<line hits="1" number="1"/>
						<line hits="1" number="2"/>
						<line hits="1" number="3"/>
						<line hits="1" number="5"/>
						<line hits="1" number="8"/>
						<line hits="1" number="9"/>
						<line hits="1" number="10"/>
						<line hits="1" number="11"/>
						<line hits="1" number="12"/>
						<line hits="1" number="15"/>
						<line hits="1" number="16"/>
						<line hits="1" number="17"/>
						<line hits="1" number="22"/>
						<line hits="1" number="23"/>
						<line hits="1" number="25"/>
						<line hits="0" number="26"/>
						<line hits="1" number="27"/>
						<line hits="1" number="28"/>
						<line hits="1" number="30"/>
						<line hits="1" number="31"/>
						<line hits="1" number="33"/>
						<line hits="1" number="34"/>
						<line hits="0" number="35"/>
						<line hits="0" number="36"/>
						<line hits="0" number="41"/>
						<line hits="0" number="45"/>
						<line hits="1" number="47"/>
						<line hits="1" number="48"/>
						<line hits="1" number="49"/>
					</lines>
				</class>
			</classes>
		</package>
	</packages>
</coverage>
